# JRE version: Java(TM) SE Runtime Environment (7.0_72-b14) (build 1.7.0_72-b14)
# Java VM: Java HotSpot(TM) 64-Bit Server VM (24.72-b04 mixed mode linux-amd64 compressed oops)
Heap
 PSYoungGen      total 105472K, used 11932K [0x00000000ec100000, 0x00000000f3900000, 0x0000000100000000)
  eden space 101376K, 8% used [0x00000000ec100000,0x00000000ec926068,0x00000000f2400000)
  from space 4096K, 87% used [0x00000000f2880000,0x00000000f2c01180,0x00000000f2c80000)
  to   space 10752K, 0% used [0x00000000f2e80000,0x00000000f2e80000,0x00000000f3900000)
 ParOldGen       total 57344K, used 36919K [0x00000000c4400000, 0x00000000c7c00000, 0x00000000ec100000)
  object space 57344K, 64% used [0x00000000c4400000,0x00000000c680dee0,0x00000000c7c00000)
 PSPermGen       total 67072K, used 34091K [0x00000000bf200000, 0x00000000c3380000, 0x00000000c4400000)
  object space 67072K, 50% used [0x00000000bf200000,0x00000000c134ac70,0x00000000c3380000)
GC Heap History (10 events):
Event: 22.299 GC heap before
{Heap before GC invocations=12 (full 0):
 PSYoungGen      total 120320K, used 119959K [0x00000000ec100000, 0x00000000f4280000, 0x0000000100000000)
  eden space 111104K, 100% used [0x00000000ec100000,0x00000000f2d80000,0x00000000f2d80000)
  from space 9216K, 96% used [0x00000000f3280000,0x00000000f3b25d78,0x00000000f3b80000)
  to   space 7168K, 0% used [0x00000000f3b80000,0x00000000f3b80000,0x00000000f4280000)
 ParOldGen       total 40448K, used 26624K [0x00000000c4400000, 0x00000000c6b80000, 0x00000000ec100000)
  object space 40448K, 65% used [0x00000000c4400000,0x00000000c5e00308,0x00000000c6b80000)
 PSPermGen       total 33280K, used 32978K [0x00000000bf200000, 0x00000000c1280000, 0x00000000c4400000)
  object space 33280K, 99% used [0x00000000bf200000,0x00000000c1234890,0x00000000c1280000)
Event: 22.329 GC heap after
Heap after GC invocations=12 (full 0):
 PSYoungGen      total 122368K, used 6916K [0x00000000ec100000, 0x00000000f8300000, 0x0000000100000000)
  eden space 115200K, 0% used [0x00000000ec100000,0x00000000ec100000,0x00000000f3180000)
  from space 7168K, 96% used [0x00000000f3b80000,0x00000000f42410f0,0x00000000f4280000)
  to   space 10240K, 0% used [0x00000000f3180000,0x00000000f3180000,0x00000000f3b80000)
 ParOldGen       total 40448K, used 33250K [0x00000000c4400000, 0x00000000c6b80000, 0x00000000ec100000)
  object space 40448K, 82% used [0x00000000c4400000,0x00000000c6478bc8,0x00000000c6b80000)
 PSPermGen       total 33280K, used 32978K [0x00000000bf200000, 0x00000000c1280000, 0x00000000c4400000)
  object space 33280K, 99% used [0x00000000bf200000,0x00000000c1234890,0x00000000c1280000)
}
Event: 618.371 GC heap before
{Heap before GC invocations=13 (full 0):
 PSYoungGen      total 122368K, used 122116K [0x00000000ec100000, 0x00000000f8300000, 0x0000000100000000)
  eden space 115200K, 100% used [0x00000000ec100000,0x00000000f3180000,0x00000000f3180000)
  from space 7168K, 96% used [0x00000000f3b80000,0x00000000f42410f0,0x00000000f4280000)
  to   space 10240K, 0% used [0x00000000f3180000,0x00000000f3180000,0x00000000f3b80000)
 ParOldGen       total 40448K, used 33250K [0x00000000c4400000, 0x00000000c6b80000, 0x00000000ec100000)
  object space 40448K, 82% used [0x00000000c4400000,0x00000000c6478bc8,0x00000000c6b80000)
 PSPermGen       total 33792K, used 33305K [0x00000000bf200000, 0x00000000c1300000, 0x00000000c4400000)
  object space 33792K, 98% used [0x00000000bf200000,0x00000000c1286728,0x00000000c1300000)
Event: 618.390 GC heap after
Heap after GC invocations=13 (full 0):
 PSYoungGen      total 113664K, used 2912K [0x00000000ec100000, 0x00000000f4200000, 0x0000000100000000)
  eden space 110592K, 0% used [0x00000000ec100000,0x00000000ec100000,0x00000000f2d00000)
  from space 3072K, 94% used [0x00000000f3180000,0x00000000f3458040,0x00000000f3480000)
  to   space 10752K, 0% used [0x00000000f3780000,0x00000000f3780000,0x00000000f4200000)
 ParOldGen       total 40448K, used 37178K [0x00000000c4400000, 0x00000000c6b80000, 0x00000000ec100000)
  object space 40448K, 91% used [0x00000000c4400000,0x00000000c684ebc8,0x00000000c6b80000)
 PSPermGen       total 33792K, used 33305K [0x00000000bf200000, 0x00000000c1300000, 0x00000000c4400000)
  object space 33792K, 98% used [0x00000000bf200000,0x00000000c1286728,0x00000000c1300000)
}
Event: 618.390 GC heap before
{Heap before GC invocations=14 (full 1):
 PSYoungGen      total 113664K, used 2912K [0x00000000ec100000, 0x00000000f4200000, 0x0000000100000000)
  eden space 110592K, 0% used [0x00000000ec100000,0x00000000ec100000,0x00000000f2d00000)
  from space 3072K, 94% used [0x00000000f3180000,0x00000000f3458040,0x00000000f3480000)
  to   space 10752K, 0% used [0x00000000f3780000,0x00000000f3780000,0x00000000f4200000)
 ParOldGen       total 40448K, used 37178K [0x00000000c4400000, 0x00000000c6b80000, 0x00000000ec100000)
  object space 40448K, 91% used [0x00000000c4400000,0x00000000c684ebc8,0x00000000c6b80000)
 PSPermGen       total 33792K, used 33305K [0x00000000bf200000, 0x00000000c1300000, 0x00000000c4400000)
  object space 33792K, 98% used [0x00000000bf200000,0x00000000c1286728,0x00000000c1300000)
Event: 618.707 GC heap after
Heap after GC invocations=14 (full 1):
 PSYoungGen      total 113664K, used 0K [0x00000000ec100000, 0x00000000f4200000, 0x0000000100000000)
  eden space 110592K, 0% used [0x00000000ec100000,0x00000000ec100000,0x00000000f2d00000)
  from space 3072K, 0% used [0x00000000f3180000,0x00000000f3180000,0x00000000f3480000)
  to   space 10752K, 0% used [0x00000000f3780000,0x00000000f3780000,0x00000000f4200000)
 ParOldGen       total 57344K, used 35403K [0x00000000c4400000, 0x00000000c7c00000, 0x00000000ec100000)
  object space 57344K, 61% used [0x00000000c4400000,0x00000000c6692cc0,0x00000000c7c00000)
 PSPermGen       total 67072K, used 33294K [0x00000000bf200000, 0x00000000c3380000, 0x00000000c4400000)
  object space 67072K, 49% used [0x00000000bf200000,0x00000000c1283ad0,0x00000000c3380000)
}
Event: 1115.952 GC heap before
{Heap before GC invocations=15 (full 1):
 PSYoungGen      total 113664K, used 110592K [0x00000000ec100000, 0x00000000f4200000, 0x0000000100000000)
  eden space 110592K, 100% used [0x00000000ec100000,0x00000000f2d00000,0x00000000f2d00000)
  from space 3072K, 0% used [0x00000000f3180000,0x00000000f3180000,0x00000000f3480000)
  to   space 10752K, 0% used [0x00000000f3780000,0x00000000f3780000,0x00000000f4200000)
 ParOldGen       total 57344K, used 35403K [0x00000000c4400000, 0x00000000c7c00000, 0x00000000ec100000)
  object space 57344K, 61% used [0x00000000c4400000,0x00000000c6692cc0,0x00000000c7c00000)
 PSPermGen       total 67072K, used 33525K [0x00000000bf200000, 0x00000000c3380000, 0x00000000c4400000)
  object space 67072K, 49% used [0x00000000bf200000,0x00000000c12bd610,0x00000000c3380000)
Event: 1116.288 GC heap after
Heap after GC invocations=15 (full 1):
 PSYoungGen      total 112128K, used 2654K [0x00000000ec100000, 0x00000000f3d80000, 0x0000000100000000)
  eden space 105984K, 0% used [0x00000000ec100000,0x00000000ec100000,0x00000000f2880000)
  from space 6144K, 43% used [0x00000000f3780000,0x00000000f3a178b0,0x00000000f3d80000)
  to   space 10752K, 0% used [0x00000000f2880000,0x00000000f2880000,0x00000000f3300000)
 ParOldGen       total 57344K, used 35403K [0x00000000c4400000, 0x00000000c7c00000, 0x00000000ec100000)
  object space 57344K, 61% used [0x00000000c4400000,0x00000000c6692cc0,0x00000000c7c00000)
 PSPermGen       total 67072K, used 33525K [0x00000000bf200000, 0x00000000c3380000, 0x00000000c4400000)
  object space 67072K, 49% used [0x00000000bf200000,0x00000000c12bd610,0x00000000c3380000)
}
Event: 1119.668 GC heap before
{Heap before GC invocations=16 (full 1):
 PSYoungGen      total 112128K, used 108638K [0x00000000ec100000, 0x00000000f3d80000, 0x0000000100000000)
  eden space 105984K, 100% used [0x00000000ec100000,0x00000000f2880000,0x00000000f2880000)
  from space 6144K, 43% used [0x00000000f3780000,0x00000000f3a178b0,0x00000000f3d80000)
  to   space 10752K, 0% used [0x00000000f2880000,0x00000000f2880000,0x00000000f3300000)
 ParOldGen       total 57344K, used 35403K [0x00000000c4400000, 0x00000000c7c00000, 0x00000000ec100000)
  object space 57344K, 61% used [0x00000000c4400000,0x00000000c6692cc0,0x00000000c7c00000)
 PSPermGen       total 67072K, used 34027K [0x00000000bf200000, 0x00000000c3380000, 0x00000000c4400000)
  object space 67072K, 50% used [0x00000000bf200000,0x00000000c133adc8,0x00000000c3380000)
Event: 1119.676 GC heap after
Heap after GC invocations=16 (full 1):
 PSYoungGen      total 105472K, used 3588K [0x00000000ec100000, 0x00000000f3900000, 0x0000000100000000)
  eden space 101376K, 0% used [0x00000000ec100000,0x00000000ec100000,0x00000000f2400000)
  from space 4096K, 87% used [0x00000000f2880000,0x00000000f2c01180,0x00000000f2c80000)
  to   space 10752K, 0% used [0x00000000f2e80000,0x00000000f2e80000,0x00000000f3900000)
 ParOldGen       total 57344K, used 36919K [0x00000000c4400000, 0x00000000c7c00000, 0x00000000ec100000)
  object space 57344K, 64% used [0x00000000c4400000,0x00000000c680dee0,0x00000000c7c00000)
 PSPermGen       total 67072K, used 34027K [0x00000000bf200000, 0x00000000c3380000, 0x00000000c4400000)
  object space 67072K, 50% used [0x00000000bf200000,0x00000000c133adc8,0x00000000c3380000)
}

